2025-07-25 23:03:14 [main] INFO  BaseClass - Launched Browser....
2025-07-25 23:03:14 [main] INFO  BaseClass - Maximized Browser....
2025-07-25 23:03:17 [main] INFO  BaseClass - Navigated to the Application URL....
2025-07-25 23:03:19 [main] INFO  BaseClass - Username Entered.....
2025-07-25 23:03:21 [main] INFO  BaseClass - Password Entered.....
2025-07-25 23:03:25 [main] INFO  BaseClass - Loggin Button clicked.....
2025-07-25 23:03:25 [main] INFO  BaseClass - Clicked Logged Out....
2025-07-25 23:03:27 [main] INFO  BaseClass - Username Entered.....
2025-07-25 23:03:29 [main] INFO  BaseClass - Password Entered.....
2025-07-25 23:03:32 [main] INFO  BaseClass - Loggin Button clicked.....
2025-07-25 23:03:32 [main] INFO  BaseClass - Username Entered.....
2025-07-25 23:03:37 [main] INFO  BaseClass - Password Entered.....
2025-07-25 23:03:39 [main] INFO  BaseClass - Loggin Button clicked.....
2025-07-25 23:03:39 [main] INFO  BaseClass - Username Entered.....
2025-07-25 23:03:41 [main] INFO  BaseClass - Password Entered.....
2025-07-25 23:03:43 [main] INFO  BaseClass - Loggin Button clicked.....
2025-07-25 23:03:43 [main] INFO  BaseClass - Username Entered.....
2025-07-25 23:03:46 [main] INFO  BaseClass - Password Entered.....
2025-07-25 23:03:49 [main] INFO  BaseClass - Loggin Button clicked.....
2025-07-25 23:03:49 [main] INFO  BaseClass - Clicked Logged Out....
2025-07-25 23:03:52 [main] INFO  BaseClass - Browser closed....
